<?xml version="1.0" encoding="UTF-8"?>
<testng-results ignored="0" total="1" passed="1" failed="0" skipped="0">
  <reporter-output>
  </reporter-output>
  <suite started-at="2023-03-22T11:16:01 IST" name="Suite" finished-at="2023-03-22T11:16:37 IST" duration-ms="36014">
    <groups>
    </groups>
    <test started-at="2023-03-22T11:16:01 IST" name="Test" finished-at="2023-03-22T11:16:37 IST" duration-ms="36014">
      <class name="com.qa.dt.test.NavigatorTest">
        <test-method is-config="true" signature="startReport()[pri:0, instance:com.qa.dt.test.NavigatorTest@1b73be9f]" started-at="2023-03-22T11:16:01 IST" name="startReport" finished-at="2023-03-22T11:16:01 IST" duration-ms="149" status="PASS">
          <reporter-output>
          </reporter-output>
        </test-method> <!-- startReport -->
        <test-method is-config="true" signature="loginTheApplication()[pri:0, instance:com.qa.dt.test.NavigatorTest@1b73be9f]" started-at="2023-03-22T11:16:01 IST" name="loginTheApplication" finished-at="2023-03-22T11:16:21 IST" duration-ms="20016" status="PASS">
          <reporter-output>
          </reporter-output>
        </test-method> <!-- loginTheApplication -->
        <test-method signature="verifyTelemetryCollectionData()[pri:0, instance:com.qa.dt.test.NavigatorTest@1b73be9f]" started-at="2023-03-22T11:16:21 IST" name="verifyTelemetryCollectionData" finished-at="2023-03-22T11:16:37 IST" duration-ms="15977" status="PASS">
          <reporter-output>
          </reporter-output>
        </test-method> <!-- verifyTelemetryCollectionData -->
        <test-method is-config="true" signature="endReport()[pri:0, instance:com.qa.dt.test.NavigatorTest@1b73be9f]" started-at="2023-03-22T11:16:38 IST" name="endReport" finished-at="2023-03-22T11:16:38 IST" duration-ms="277" status="PASS">
          <reporter-output>
          </reporter-output>
        </test-method> <!-- endReport -->
      </class> <!-- com.qa.dt.test.NavigatorTest -->
    </test> <!-- Test -->
  </suite> <!-- Suite -->
</testng-results>
